2020-03-11 07:53:52,970 INFO  [DriverBase] class TestScript.Amazon_TestCases 
2020-03-11 07:54:20,488 INFO  [DriverBase] class TestScript.Amazon_TestCases 
2020-03-11 07:54:36,230 INFO  [DriverBase] Androiddriver created successfully 
2020-03-11 07:54:36,230 INFO  [DriverBase] Application launched successfully 
2020-03-11 07:54:36,431 INFO  [HomePage] class TestPages.HomePage 
2020-03-11 07:54:36,432 INFO  [HomePage] Login successfull 
2020-03-11 07:54:36,769 INFO  [HomePage] Landscape rotation successfull 
2020-03-11 07:54:37,544 INFO  [HomePage] Portrait rotation successfull 
2020-03-11 07:54:37,544 INFO  [HomePage] Reading search content from external property file 
2020-03-11 07:54:40,064 INFO  [HomePage] Clicked searchbox successfuly 
2020-03-11 07:54:47,671 INFO  [HomePage] Typed search content successfuly 
2020-03-11 07:54:48,313 INFO  [HomePage] Clicked enter successfuly 
2020-03-11 07:54:48,313 INFO  [HomePage] Reading product name from external property file 
2020-03-11 07:54:58,747 INFO  [HomePage] Scrolled till product name successfuly 
2020-03-11 07:54:59,550 INFO  [HomePage] Clicked product name successfuly 
2020-03-11 07:55:07,998 INFO  [HomePage] retrieving product price 
2020-03-11 07:55:14,681 INFO  [HomePage] Clicked Add to Cart successfuly 
2020-03-11 07:55:16,530 INFO  [HomePage] Clicked view cart successfuly 
2020-03-11 07:55:43,026 INFO  [HomePage] Retreiving cart item product price 
2020-03-11 07:55:43,026 INFO  [HomePage] Performing substring operation with both product and cart item price 
2020-03-11 07:55:44,618 INFO  [DriverBase] tc001 Testcase is failed 
2020-03-11 07:55:46,836 INFO  [DriverBase] Driver quit successfully 
2020-03-11 10:13:37,599 INFO  [DriverBase] class TestScript.Amazon_TestCases 
2020-03-11 10:13:57,071 INFO  [DriverBase] Androiddriver created successfully 
2020-03-11 10:13:57,071 INFO  [DriverBase] Application launched successfully 
2020-03-11 10:13:57,270 INFO  [LoginPage] class TestPages.LoginPage 
2020-03-11 10:13:57,272 INFO  [LoginPage] Retreiving Username and Password from property file 
2020-03-11 10:14:00,070 INFO  [LoginPage] Clicked already customer signin successfully 
2020-03-11 10:14:02,315 INFO  [LoginPage] Clicked already mobile or email field successfully 
2020-03-11 10:14:10,004 INFO  [LoginPage] Typed email id successfully 
2020-03-11 10:14:11,206 INFO  [LoginPage] Clicked continue successfully 
2020-03-11 10:14:19,125 INFO  [LoginPage] Typed Password successfully 
2020-03-11 10:14:20,326 INFO  [LoginPage] Clicked login successfully 
2020-03-11 10:14:20,333 INFO  [LoginPage] Waiting to login 
2020-03-11 10:14:20,361 INFO  [HomePage] class TestPages.HomePage 
2020-03-11 10:14:20,361 INFO  [HomePage] Login successfull 
2020-03-11 10:14:21,092 INFO  [HomePage] Landscape rotation successfull 
2020-03-11 10:14:21,269 INFO  [HomePage] Portrait rotation successfull 
2020-03-11 10:14:21,270 INFO  [HomePage] Reading search content from external property file 
2020-03-11 10:14:30,836 INFO  [HomePage] Clicked searchbox successfuly 
2020-03-11 10:14:37,569 INFO  [HomePage] Typed search content successfuly 
2020-03-11 10:14:38,249 INFO  [HomePage] Clicked enter successfuly 
2020-03-11 10:14:38,249 INFO  [HomePage] Reading product name from external property file 
2020-03-11 10:14:47,815 INFO  [HomePage] Scrolled till product name successfuly 
2020-03-11 10:14:48,760 INFO  [HomePage] Clicked product name successfuly 
2020-03-11 10:14:51,546 INFO  [HomePage] retrieving product price 
2020-03-11 10:14:55,593 INFO  [HomePage] Scrolled till Add to Cart successfuly 
2020-03-11 10:15:00,165 INFO  [HomePage] Clicked Add to Cart successfuly 
2020-03-11 10:15:05,863 INFO  [HomePage] Clicked view cart successfuly 
2020-03-11 10:15:06,329 INFO  [HomePage] Retreiving cart item product price 
2020-03-11 10:15:06,330 INFO  [HomePage] Performing substring operation with both product and cart item price 
2020-03-11 10:15:06,330 INFO  [HomePage] Comparing both prices with assertion 
2020-03-11 10:15:07,915 INFO  [DriverBase] tc001_LoginAndCartOperation Testcase is failed 
2020-03-11 10:15:10,146 INFO  [DriverBase] Driver quit successfully 
2020-03-11 10:40:15,345 INFO  [DriverBase] class TestScript.Amazon_TestCases 
2020-03-11 10:40:29,109 INFO  [DriverBase] Androiddriver created successfully 
2020-03-11 10:40:29,109 INFO  [DriverBase] Application launched successfully 
2020-03-11 10:40:29,325 INFO  [LoginPage] class TestPages.LoginPage 
2020-03-11 10:40:29,326 INFO  [LoginPage] Retreiving Username and Password from property file 
2020-03-11 10:40:31,907 INFO  [LoginPage] Clicked already customer signin successfully 
2020-03-11 10:40:34,222 INFO  [LoginPage] Clicked already mobile or email field successfully 
2020-03-11 10:40:41,971 INFO  [LoginPage] Typed email id successfully 
2020-03-11 10:40:45,312 INFO  [LoginPage] Clicked continue successfully 
2020-03-11 10:40:51,883 INFO  [LoginPage] Typed Password successfully 
2020-03-11 10:40:53,049 INFO  [LoginPage] Clicked login successfully 
2020-03-11 10:40:53,056 INFO  [LoginPage] Waiting to login 
2020-03-11 10:40:53,087 INFO  [HomePage] class TestPages.HomePage 
2020-03-11 10:40:53,087 INFO  [HomePage] Login successfull 
2020-03-11 10:40:54,194 INFO  [HomePage] Landscape rotation successfull 
2020-03-11 10:40:54,453 INFO  [HomePage] Portrait rotation successfull 
2020-03-11 10:40:54,453 INFO  [HomePage] Reading search content from external property file 
2020-03-11 10:41:03,037 INFO  [HomePage] Clicked searchbox successfuly 
2020-03-11 10:41:08,830 INFO  [HomePage] Typed search content successfuly 
2020-03-11 10:41:10,358 INFO  [HomePage] Clicked enter successfuly 
2020-03-11 10:41:10,358 INFO  [HomePage] Reading product name from external property file 
2020-03-11 10:41:19,738 INFO  [HomePage] Scrolled till product name successfuly 
2020-03-11 10:41:20,691 INFO  [HomePage] Clicked product name successfuly 
2020-03-11 10:41:23,704 INFO  [HomePage] retrieving product price 
2020-03-11 10:41:27,076 INFO  [HomePage] Scrolled till Add to Cart successfuly 
2020-03-11 10:41:31,481 INFO  [HomePage] Clicked Add to Cart successfuly 
2020-03-11 10:41:41,728 INFO  [HomePage] Clicked view cart successfuly 
2020-03-11 10:41:41,983 INFO  [HomePage] Retreiving cart item product price 
2020-03-11 10:41:41,983 INFO  [HomePage] Performing substring operation with both product and cart item price 
2020-03-11 10:41:41,983 INFO  [HomePage] Comparing both prices with assertion 
2020-03-11 10:41:43,401 INFO  [DriverBase] tc001_LoginAndCartOperation Testcase is failed 
2020-03-11 10:41:45,614 INFO  [DriverBase] Driver quit successfully 
2020-03-11 10:49:08,967 INFO  [DriverBase] class TestScript.Amazon_TestCases 
2020-03-11 10:49:21,620 INFO  [DriverBase] Androiddriver created successfully 
2020-03-11 10:49:21,621 INFO  [DriverBase] Application launched successfully 
2020-03-11 10:49:21,842 INFO  [LoginPage] class TestPages.LoginPage 
2020-03-11 10:49:21,843 INFO  [LoginPage] Retreiving Username and Password from property file 
2020-03-11 10:49:24,876 INFO  [LoginPage] Clicked already customer signin successfully 
2020-03-11 10:49:27,003 INFO  [LoginPage] Clicked already mobile or email field successfully 
2020-03-11 10:49:33,519 INFO  [LoginPage] Typed email id successfully 
2020-03-11 10:49:35,773 INFO  [LoginPage] Clicked continue successfully 
2020-03-11 10:49:42,411 INFO  [LoginPage] Typed Password successfully 
2020-03-11 10:49:43,508 INFO  [LoginPage] Clicked login successfully 
2020-03-11 10:49:43,515 INFO  [LoginPage] Waiting to login 
2020-03-11 10:49:43,545 INFO  [HomePage] class TestPages.HomePage 
2020-03-11 10:49:43,546 INFO  [HomePage] Login successfull 
2020-03-11 10:49:44,250 INFO  [HomePage] Landscape rotation successfull 
2020-03-11 10:49:44,396 INFO  [HomePage] Portrait rotation successfull 
2020-03-11 10:49:44,397 INFO  [HomePage] Reading search content from external property file 
2020-03-11 10:49:53,288 INFO  [HomePage] Clicked searchbox successfuly 
2020-03-11 10:49:59,249 INFO  [HomePage] Typed search content successfuly 
2020-03-11 10:50:00,010 INFO  [HomePage] Clicked enter successfuly 
2020-03-11 10:50:00,011 INFO  [HomePage] Reading product name from external property file 
2020-03-11 10:50:08,275 INFO  [HomePage] Scrolled till product name successfuly 
2020-03-11 10:50:09,125 INFO  [HomePage] Clicked product name successfuly 
2020-03-11 10:50:12,181 INFO  [HomePage] retrieving product price 
2020-03-11 10:50:15,405 INFO  [HomePage] Scrolled till Add to Cart successfuly 
2020-03-11 10:50:22,151 INFO  [HomePage] Clicked Add to Cart successfuly 
2020-03-11 10:50:25,452 INFO  [HomePage] Clicked view cart successfuly 
2020-03-11 10:50:25,677 INFO  [HomePage] Retreiving cart item product price 
2020-03-11 10:50:25,677 INFO  [HomePage] Performing substring operation with both product and cart item price 
2020-03-11 10:50:25,677 INFO  [HomePage] Comparing both prices with assertion 
2020-03-11 10:50:27,002 INFO  [DriverBase] tc001_LoginAndCartOperation Testcase is failed 
2020-03-11 10:50:29,156 INFO  [DriverBase] Driver quit successfully 
2020-03-11 10:52:53,283 INFO  [DriverBase] class TestScript.Amazon_TestCases 
2020-03-11 10:53:06,308 INFO  [DriverBase] Androiddriver created successfully 
2020-03-11 10:53:06,308 INFO  [DriverBase] Application launched successfully 
2020-03-11 10:53:06,534 INFO  [LoginPage] class TestPages.LoginPage 
2020-03-11 10:53:06,535 INFO  [LoginPage] Retreiving Username and Password from property file 
2020-03-11 10:53:09,197 INFO  [LoginPage] Clicked already customer signin successfully 
2020-03-11 10:53:10,883 INFO  [LoginPage] Clicked already mobile or email field successfully 
2020-03-11 10:53:18,596 INFO  [LoginPage] Typed email id successfully 
2020-03-11 10:53:21,255 INFO  [LoginPage] Clicked continue successfully 
2020-03-11 10:53:28,130 INFO  [LoginPage] Typed Password successfully 
2020-03-11 10:53:29,375 INFO  [LoginPage] Clicked login successfully 
2020-03-11 10:53:29,382 INFO  [LoginPage] Waiting to login 
2020-03-11 10:53:29,412 INFO  [HomePage] class TestPages.HomePage 
2020-03-11 10:53:29,412 INFO  [HomePage] Login successfull 
2020-03-11 10:53:30,551 INFO  [HomePage] Landscape rotation successfull 
2020-03-11 10:53:30,685 INFO  [HomePage] Portrait rotation successfull 
2020-03-11 10:53:30,686 INFO  [HomePage] Reading search content from external property file 
2020-03-11 10:53:43,569 INFO  [HomePage] Clicked searchbox successfuly 
2020-03-11 10:53:49,165 INFO  [HomePage] Typed search content successfuly 
2020-03-11 10:53:49,816 INFO  [HomePage] Clicked enter successfuly 
2020-03-11 10:53:49,817 INFO  [HomePage] Reading product name from external property file 
2020-03-11 10:53:58,956 INFO  [HomePage] Scrolled till product name successfuly 
2020-03-11 10:53:59,766 INFO  [HomePage] Clicked product name successfuly 
2020-03-11 10:54:03,263 INFO  [HomePage] retrieving product price 
2020-03-11 10:54:06,621 INFO  [HomePage] Scrolled till Add to Cart successfuly 
2020-03-11 10:54:13,075 INFO  [HomePage] Clicked Add to Cart successfuly 
2020-03-11 10:54:16,511 INFO  [HomePage] Clicked view cart successfuly 
2020-03-11 10:54:47,619 INFO  [DriverBase] tc001_LoginAndCartOperation Testcase is failed 
2020-03-11 10:54:49,639 INFO  [DriverBase] Driver quit successfully 
2020-03-11 10:55:04,670 INFO  [DriverBase] class TestScript.Amazon_TestCases 
2020-03-11 10:55:18,296 INFO  [DriverBase] Androiddriver created successfully 
2020-03-11 10:55:18,296 INFO  [DriverBase] Application launched successfully 
2020-03-11 10:55:18,509 INFO  [LoginPage] class TestPages.LoginPage 
2020-03-11 10:55:18,515 INFO  [LoginPage] Retreiving Username and Password from property file 
2020-03-11 10:55:21,126 INFO  [LoginPage] Clicked already customer signin successfully 
2020-03-11 10:55:23,646 INFO  [LoginPage] Clicked already mobile or email field successfully 
2020-03-11 10:55:30,734 INFO  [LoginPage] Typed email id successfully 
2020-03-11 10:55:31,882 INFO  [LoginPage] Clicked continue successfully 
2020-03-11 10:55:40,360 INFO  [LoginPage] Typed Password successfully 
2020-03-11 10:55:41,571 INFO  [LoginPage] Clicked login successfully 
2020-03-11 10:55:41,578 INFO  [LoginPage] Waiting to login 
2020-03-11 10:55:41,610 INFO  [HomePage] class TestPages.HomePage 
2020-03-11 10:55:41,610 INFO  [HomePage] Login successfull 
2020-03-11 10:55:42,288 INFO  [HomePage] Landscape rotation successfull 
2020-03-11 10:55:42,445 INFO  [HomePage] Portrait rotation successfull 
2020-03-11 10:55:42,447 INFO  [HomePage] Reading search content from external property file 
2020-03-11 10:55:51,074 INFO  [HomePage] Clicked searchbox successfuly 
2020-03-11 10:55:56,790 INFO  [HomePage] Typed search content successfuly 
2020-03-11 10:55:57,453 INFO  [HomePage] Clicked enter successfuly 
2020-03-11 10:55:57,453 INFO  [HomePage] Reading product name from external property file 
2020-03-11 10:56:06,217 INFO  [HomePage] Scrolled till product name successfuly 
2020-03-11 10:56:07,105 INFO  [HomePage] Clicked product name successfuly 
2020-03-11 10:56:10,012 INFO  [HomePage] retrieving product price 
2020-03-11 10:56:15,074 INFO  [HomePage] Scrolled till Add to Cart successfuly 
2020-03-11 10:56:18,627 INFO  [HomePage] Clicked Add to Cart successfuly 
2020-03-11 10:56:21,943 INFO  [HomePage] Clicked view cart successfuly 
2020-03-11 10:56:53,231 INFO  [DriverBase] tc001_LoginAndCartOperation Testcase is failed 
2020-03-11 10:56:55,442 INFO  [DriverBase] Driver quit successfully 
2020-03-11 10:57:12,630 INFO  [DriverBase] class TestScript.Amazon_TestCases 
2020-03-11 10:57:27,262 INFO  [DriverBase] Androiddriver created successfully 
2020-03-11 10:57:27,262 INFO  [DriverBase] Application launched successfully 
2020-03-11 10:57:27,498 INFO  [LoginPage] class TestPages.LoginPage 
2020-03-11 10:57:27,502 INFO  [LoginPage] Retreiving Username and Password from property file 
2020-03-11 10:57:30,546 INFO  [LoginPage] Clicked already customer signin successfully 
2020-03-11 10:57:32,892 INFO  [LoginPage] Clicked already mobile or email field successfully 
2020-03-11 10:57:40,794 INFO  [LoginPage] Typed email id successfully 
2020-03-11 10:57:42,135 INFO  [LoginPage] Clicked continue successfully 
2020-03-11 10:57:51,081 INFO  [LoginPage] Typed Password successfully 
2020-03-11 10:57:52,189 INFO  [LoginPage] Clicked login successfully 
2020-03-11 10:57:52,198 INFO  [LoginPage] Waiting to login 
2020-03-11 10:57:52,241 INFO  [HomePage] class TestPages.HomePage 
2020-03-11 10:57:52,242 INFO  [HomePage] Login successfull 
2020-03-11 10:57:54,079 INFO  [HomePage] Landscape rotation successfull 
2020-03-11 10:57:54,099 INFO  [HomePage] Portrait rotation successfull 
2020-03-11 10:57:54,100 INFO  [HomePage] Reading search content from external property file 
2020-03-11 10:57:59,849 INFO  [HomePage] Clicked searchbox successfuly 
2020-03-11 10:58:06,835 INFO  [HomePage] Typed search content successfuly 
2020-03-11 10:58:07,557 INFO  [HomePage] Clicked enter successfuly 
2020-03-11 10:58:07,558 INFO  [HomePage] Reading product name from external property file 
2020-03-11 10:58:16,679 INFO  [HomePage] Scrolled till product name successfuly 
2020-03-11 10:58:17,510 INFO  [HomePage] Clicked product name successfuly 
2020-03-11 10:58:20,421 INFO  [HomePage] retrieving product price 
2020-03-11 10:58:23,851 INFO  [HomePage] Scrolled till Add to Cart successfuly 
2020-03-11 10:58:30,237 INFO  [HomePage] Clicked Add to Cart successfuly 
2020-03-11 10:58:34,395 INFO  [HomePage] Clicked view cart successfuly 
2020-03-11 10:59:05,433 INFO  [DriverBase] tc001_LoginAndCartOperation Testcase is failed 
2020-03-11 10:59:07,577 INFO  [DriverBase] Driver quit successfully 
2020-03-11 11:00:39,108 INFO  [DriverBase] class TestScript.Amazon_TestCases 
2020-03-11 11:00:52,239 INFO  [DriverBase] Androiddriver created successfully 
2020-03-11 11:00:52,240 INFO  [DriverBase] Application launched successfully 
2020-03-11 11:00:52,468 INFO  [LoginPage] class TestPages.LoginPage 
2020-03-11 11:00:52,469 INFO  [LoginPage] Retreiving Username and Password from property file 
2020-03-11 11:00:55,495 INFO  [LoginPage] Clicked already customer signin successfully 
2020-03-11 11:00:57,764 INFO  [LoginPage] Clicked already mobile or email field successfully 
2020-03-11 11:01:04,637 INFO  [LoginPage] Typed email id successfully 
2020-03-11 11:01:05,779 INFO  [LoginPage] Clicked continue successfully 
2020-03-11 11:01:14,348 INFO  [LoginPage] Typed Password successfully 
2020-03-11 11:01:15,560 INFO  [LoginPage] Clicked login successfully 
2020-03-11 11:01:15,566 INFO  [LoginPage] Waiting to login 
2020-03-11 11:01:15,596 INFO  [HomePage] class TestPages.HomePage 
2020-03-11 11:01:15,597 INFO  [HomePage] Login successfull 
2020-03-11 11:01:16,343 INFO  [HomePage] Landscape rotation successfull 
2020-03-11 11:01:17,530 INFO  [HomePage] Portrait rotation successfull 
2020-03-11 11:01:17,530 INFO  [HomePage] Reading search content from external property file 
2020-03-11 11:01:24,715 INFO  [HomePage] Clicked searchbox successfuly 
2020-03-11 11:01:30,747 INFO  [HomePage] Typed search content successfuly 
2020-03-11 11:01:31,449 INFO  [HomePage] Clicked enter successfuly 
2020-03-11 11:01:31,449 INFO  [HomePage] Reading product name from external property file 
2020-03-11 11:01:41,139 INFO  [HomePage] Scrolled till product name successfuly 
2020-03-11 11:01:42,068 INFO  [HomePage] Clicked product name successfuly 
2020-03-11 11:01:45,343 INFO  [HomePage] retrieving product price 
2020-03-11 11:01:48,492 INFO  [HomePage] Scrolled till Add to Cart successfuly 
2020-03-11 11:01:55,536 INFO  [HomePage] Clicked Add to Cart successfuly 
2020-03-11 11:01:58,919 INFO  [HomePage] Clicked view cart successfuly 
2020-03-11 11:01:59,276 INFO  [HomePage] Retreiving cart item product price 
2020-03-11 11:01:59,276 INFO  [HomePage] Performing substring operation with both product and cart item price 
2020-03-11 11:01:59,277 INFO  [HomePage] Comparing both prices with assertion 
2020-03-11 11:02:00,596 INFO  [DriverBase] tc001_LoginAndCartOperation Testcase is failed 
2020-03-11 11:02:02,669 INFO  [DriverBase] Driver quit successfully 
2020-03-11 11:19:48,547 INFO  [DriverBase] class TestScript.Amazon_TestCases 
2020-03-11 11:20:02,705 INFO  [DriverBase] Androiddriver created successfully 
2020-03-11 11:20:02,705 INFO  [DriverBase] Application launched successfully 
2020-03-11 11:20:02,890 INFO  [LoginPage] class TestPages.LoginPage 
2020-03-11 11:20:02,894 INFO  [LoginPage] Retreiving Username and Password from property file 
2020-03-11 11:20:05,553 INFO  [LoginPage] Clicked already customer signin successfully 
2020-03-11 11:20:07,764 INFO  [LoginPage] Clicked already mobile or email field successfully 
2020-03-11 11:20:16,056 INFO  [LoginPage] Typed email id successfully 
2020-03-11 11:20:18,121 INFO  [LoginPage] Clicked continue successfully 
2020-03-11 11:20:25,394 INFO  [LoginPage] Typed Password successfully 
2020-03-11 11:20:26,412 INFO  [LoginPage] Clicked login successfully 
2020-03-11 11:20:26,420 INFO  [LoginPage] Waiting to login 
2020-03-11 11:20:26,447 INFO  [HomePage] class TestPages.HomePage 
2020-03-11 11:20:26,448 INFO  [HomePage] Login successfull 
2020-03-11 11:20:27,684 INFO  [HomePage] Landscape rotation successfull 
2020-03-11 11:20:27,844 INFO  [HomePage] Portrait rotation successfull 
2020-03-11 11:20:27,845 INFO  [HomePage] Reading search content from external property file 
2020-03-11 11:20:34,898 INFO  [HomePage] Clicked searchbox successfuly 
2020-03-11 11:20:42,601 INFO  [HomePage] Typed search content successfuly 
2020-03-11 11:20:44,194 INFO  [HomePage] Clicked enter successfuly 
2020-03-11 11:20:44,194 INFO  [HomePage] Reading product name from external property file 
2020-03-11 11:20:53,803 INFO  [HomePage] Scrolled till product name successfuly 
2020-03-11 11:20:54,658 INFO  [HomePage] Clicked product name successfuly 
2020-03-11 11:20:57,920 INFO  [HomePage] retrieving product price 
2020-03-11 11:21:01,383 INFO  [HomePage] Scrolled till Add to Cart successfuly 
2020-03-11 11:21:06,151 INFO  [HomePage] Clicked Add to Cart successfuly 
2020-03-11 11:21:09,957 INFO  [HomePage] Clicked view cart successfuly 
2020-03-11 11:21:40,784 INFO  [DriverBase] tc001_LoginAndCartOperation Testcase is failed 
2020-03-11 11:21:43,063 INFO  [DriverBase] Driver quit successfully 
2020-03-11 11:22:55,326 INFO  [DriverBase] class TestScript.Amazon_TestCases 
2020-03-11 11:23:08,148 INFO  [DriverBase] Androiddriver created successfully 
2020-03-11 11:23:08,148 INFO  [DriverBase] Application launched successfully 
2020-03-11 11:23:08,381 INFO  [LoginPage] class TestPages.LoginPage 
2020-03-11 11:23:08,383 INFO  [LoginPage] Retreiving Username and Password from property file 
2020-03-11 11:23:10,894 INFO  [LoginPage] Clicked already customer signin successfully 
2020-03-11 11:23:13,118 INFO  [LoginPage] Clicked already mobile or email field successfully 
2020-03-11 11:23:18,961 INFO  [LoginPage] Typed email id successfully 
2020-03-11 11:23:20,104 INFO  [LoginPage] Clicked continue successfully 
2020-03-11 11:23:28,488 INFO  [LoginPage] Typed Password successfully 
2020-03-11 11:23:29,724 INFO  [LoginPage] Clicked login successfully 
2020-03-11 11:23:29,731 INFO  [LoginPage] Waiting to login 
2020-03-11 11:23:29,762 INFO  [HomePage] class TestPages.HomePage 
2020-03-11 11:23:29,762 INFO  [HomePage] Login successfull 
2020-03-11 11:23:30,397 INFO  [HomePage] Landscape rotation successfull 
2020-03-11 11:23:30,917 INFO  [HomePage] Portrait rotation successfull 
2020-03-11 11:23:30,917 INFO  [HomePage] Reading search content from external property file 
2020-03-11 11:23:42,860 INFO  [HomePage] Clicked searchbox successfuly 
2020-03-11 11:23:50,235 INFO  [HomePage] Typed search content successfuly 
2020-03-11 11:23:51,806 INFO  [HomePage] Clicked enter successfuly 
2020-03-11 11:23:51,806 INFO  [HomePage] Reading product name from external property file 
2020-03-11 11:24:01,473 INFO  [HomePage] Scrolled till product name successfuly 
2020-03-11 11:24:02,232 INFO  [HomePage] Clicked product name successfuly 
2020-03-11 11:24:05,102 INFO  [HomePage] retrieving product price 
2020-03-11 11:24:08,480 INFO  [HomePage] Scrolled till Add to Cart successfuly 
2020-03-11 11:24:14,903 INFO  [HomePage] Clicked Add to Cart successfuly 
2020-03-11 11:24:18,120 INFO  [HomePage] Clicked view cart successfuly 
2020-03-11 11:24:20,805 INFO  [HomePage] Retreiving cart item product price 
2020-03-11 11:24:20,806 INFO  [HomePage] Performing substring operation with both product and cart item price 
2020-03-11 11:24:20,806 INFO  [HomePage] Comparing both prices with assertion 
2020-03-11 11:24:22,288 INFO  [DriverBase] tc001_LoginAndCartOperation Testcase is failed 
2020-03-11 11:24:24,656 INFO  [DriverBase] Driver quit successfully 
2020-03-11 11:29:34,907 INFO  [DriverBase] class TestScript.Amazon_TestCases 
2020-03-11 11:29:47,862 INFO  [DriverBase] Androiddriver created successfully 
2020-03-11 11:29:47,862 INFO  [DriverBase] Application launched successfully 
2020-03-11 11:29:48,086 INFO  [LoginPage] class TestPages.LoginPage 
2020-03-11 11:29:48,090 INFO  [LoginPage] Retreiving Username and Password from property file 
2020-03-11 11:29:50,812 INFO  [LoginPage] Clicked already customer signin successfully 
2020-03-11 11:29:52,935 INFO  [LoginPage] Clicked already mobile or email field successfully 
2020-03-11 11:30:00,501 INFO  [LoginPage] Typed email id successfully 
2020-03-11 11:30:03,893 INFO  [LoginPage] Clicked continue successfully 
2020-03-11 11:30:09,804 INFO  [LoginPage] Typed Password successfully 
2020-03-11 11:30:10,947 INFO  [LoginPage] Clicked login successfully 
2020-03-11 11:30:10,955 INFO  [LoginPage] Waiting to login 
2020-03-11 11:30:10,990 INFO  [HomePage] class TestPages.HomePage 
2020-03-11 11:30:10,990 INFO  [HomePage] Login successfull 
2020-03-11 11:30:12,939 INFO  [HomePage] Landscape rotation successfull 
2020-03-11 11:30:12,963 INFO  [HomePage] Portrait rotation successfull 
2020-03-11 11:30:12,963 INFO  [HomePage] Reading search content from external property file 
2020-03-11 11:30:18,928 INFO  [HomePage] Clicked searchbox successfuly 
2020-03-11 11:30:25,700 INFO  [HomePage] Typed search content successfuly 
2020-03-11 11:30:26,476 INFO  [HomePage] Clicked enter successfuly 
2020-03-11 11:30:26,476 INFO  [HomePage] Reading product name from external property file 
2020-03-11 11:30:36,091 INFO  [HomePage] Scrolled till product name successfuly 
2020-03-11 11:30:36,941 INFO  [HomePage] Clicked product name successfuly 
2020-03-11 11:30:40,615 INFO  [HomePage] retrieving product price 
2020-03-11 11:30:43,804 INFO  [HomePage] Scrolled till Add to Cart successfuly 
2020-03-11 11:30:48,251 INFO  [HomePage] Clicked Add to Cart successfuly 
2020-03-11 11:30:51,404 INFO  [HomePage] Clicked view cart successfuly 
2020-03-11 11:31:21,952 INFO  [DriverBase] tc001_LoginAndCartOperation Testcase is failed 
2020-03-11 11:31:23,958 INFO  [DriverBase] Driver quit successfully 
2020-03-11 11:31:34,522 INFO  [DriverBase] class TestScript.Amazon_TestCases 
2020-03-11 11:31:47,502 INFO  [DriverBase] Androiddriver created successfully 
2020-03-11 11:31:47,502 INFO  [DriverBase] Application launched successfully 
2020-03-11 11:31:47,712 INFO  [LoginPage] class TestPages.LoginPage 
2020-03-11 11:31:47,719 INFO  [LoginPage] Retreiving Username and Password from property file 
2020-03-11 11:31:50,380 INFO  [LoginPage] Clicked already customer signin successfully 
2020-03-11 11:31:52,957 INFO  [LoginPage] Clicked already mobile or email field successfully 
2020-03-11 11:32:00,141 INFO  [LoginPage] Typed email id successfully 
2020-03-11 11:32:01,462 INFO  [LoginPage] Clicked continue successfully 
2020-03-11 11:32:09,897 INFO  [LoginPage] Typed Password successfully 
2020-03-11 11:32:11,141 INFO  [LoginPage] Clicked login successfully 
2020-03-11 11:32:11,148 INFO  [LoginPage] Waiting to login 
2020-03-11 11:32:11,177 INFO  [HomePage] class TestPages.HomePage 
2020-03-11 11:32:11,178 INFO  [HomePage] Login successfull 
2020-03-11 11:32:11,841 INFO  [HomePage] Landscape rotation successfull 
2020-03-11 11:32:12,002 INFO  [HomePage] Portrait rotation successfull 
2020-03-11 11:32:12,002 INFO  [HomePage] Reading search content from external property file 
2020-03-11 11:32:20,402 INFO  [HomePage] Clicked searchbox successfuly 
2020-03-11 11:32:27,478 INFO  [HomePage] Typed search content successfuly 
2020-03-11 11:32:28,152 INFO  [HomePage] Clicked enter successfuly 
2020-03-11 11:32:28,152 INFO  [HomePage] Reading product name from external property file 
2020-03-11 11:32:37,438 INFO  [HomePage] Scrolled till product name successfuly 
2020-03-11 11:32:38,267 INFO  [HomePage] Clicked product name successfuly 
2020-03-11 11:32:41,612 INFO  [HomePage] retrieving product price 
2020-03-11 11:32:45,235 INFO  [HomePage] Scrolled till Add to Cart successfuly 
2020-03-11 11:32:52,473 INFO  [HomePage] Clicked Add to Cart successfuly 
2020-03-11 11:32:56,116 INFO  [HomePage] Clicked view cart successfuly 
2020-03-11 11:32:57,127 INFO  [HomePage] Retreiving cart item product price 
2020-03-11 11:32:57,127 INFO  [HomePage] Performing substring operation with both product and cart item price 
2020-03-11 11:32:57,127 INFO  [HomePage] Comparing both prices with assertion 
2020-03-11 11:33:00,441 INFO  [HomePage] Clicked Proceed to Buy successfuly 
2020-03-11 11:33:01,592 INFO  [DriverBase] tc001_LoginAndCartOperation Testcase is passed 
2020-03-11 11:33:03,996 INFO  [DriverBase] Driver quit successfully  
2020-03-17 18:21:41,269 INFO  [DriverBase] class TestScript.Amazon_TestCases 
2020-03-17 18:21:54,964 INFO  [DriverBase] Androiddriver created successfully 
2020-03-17 18:21:54,965 INFO  [DriverBase] Application launched successfully 
2020-03-17 18:21:55,008 INFO  [LoginPage] class TestPageScenario.LoginPage_login 
2020-03-17 18:21:55,008 INFO  [LoginPage] Loginpage elements initialized 
2020-03-17 18:21:55,008 INFO  [LoginPage] class TestPageScenario.LoginPage_login 
2020-03-17 18:21:55,009 INFO  [LoginPage] Retreiving Username and Password from property file 
2020-03-17 18:21:57,651 INFO  [LoginPage] Clicked already customer signin successfully 
2020-03-17 18:22:00,251 INFO  [LoginPage] Clicked already mobile or email field successfully 
2020-03-17 18:22:07,914 INFO  [LoginPage] Typed email id successfully 
2020-03-17 18:22:09,051 INFO  [LoginPage] Clicked continue successfully 
2020-03-17 18:22:17,452 INFO  [LoginPage] Typed Password successfully 
2020-03-17 18:22:18,599 INFO  [LoginPage] Clicked login successfully 
2020-03-17 18:22:18,599 INFO  [LoginPage] Login successfull 
2020-03-17 18:22:20,537 INFO  [DriverBase] tc002_Login Testcase is passed 
2020-03-17 18:22:22,861 INFO  [DriverBase] Driver quit successfully 
2020-03-17 18:22:22,872 INFO  [DriverBase] class TestScript.Amazon_TestCases 
2020-03-17 18:22:37,001 INFO  [DriverBase] Androiddriver created successfully 
2020-03-17 18:22:37,002 INFO  [DriverBase] Application launched successfully 
2020-03-17 18:22:37,015 INFO  [LoginPage] class TestPageScenario.LoginPage_login 
2020-03-17 18:22:37,015 INFO  [LoginPage] Loginpage elements initialized 
2020-03-17 18:22:37,015 INFO  [LoginPage] class TestPageScenario.LoginPage_login 
2020-03-17 18:22:37,016 INFO  [LoginPage] Retreiving Username and Password from property file 
2020-03-17 18:22:39,952 INFO  [LoginPage] Clicked already customer signin successfully 
2020-03-17 18:22:43,102 INFO  [LoginPage] Clicked already mobile or email field successfully 
2020-03-17 18:22:50,665 INFO  [LoginPage] Typed email id successfully 
2020-03-17 18:22:52,099 INFO  [LoginPage] Clicked continue successfully 
2020-03-17 18:23:00,722 INFO  [LoginPage] Typed Password successfully 
2020-03-17 18:23:02,199 INFO  [LoginPage] Clicked login successfully 
2020-03-17 18:23:02,200 INFO  [LoginPage] Login successfull 
2020-03-17 18:23:02,227 INFO  [HomePage] class TestPageScenario.HomePage_cartOperation 
2020-03-17 18:23:02,227 INFO  [HomePage] Login successfull 
2020-03-17 18:23:02,615 INFO  [HomePage] Landscape rotation successfull 
2020-03-17 18:23:03,055 INFO  [HomePage] Portrait rotation successfull 
2020-03-17 18:23:03,055 INFO  [HomePage] Reading search content from external property file 
2020-03-17 18:23:11,169 INFO  [HomePage] Clicked searchbox successfuly 
2020-03-17 18:23:18,854 INFO  [HomePage] Typed search content successfuly 
2020-03-17 18:23:19,610 INFO  [HomePage] Clicked enter successfuly 
2020-03-17 18:23:19,610 INFO  [HomePage] Reading product name from external property file 
2020-03-17 18:23:30,003 INFO  [HomePage] Scrolled till product name successfuly 
2020-03-17 18:23:31,199 INFO  [HomePage] Clicked product name successfuly 
2020-03-17 18:23:34,400 INFO  [HomePage] retrieving product price 
2020-03-17 18:23:37,754 INFO  [HomePage] Scrolled till Add to Cart successfuly 
2020-03-17 18:23:47,007 INFO  [HomePage] Clicked Add to Cart successfuly 
2020-03-17 18:23:50,121 INFO  [HomePage] Clicked view cart successfuly 
2020-03-17 18:24:24,112 INFO  [DriverBase] tc003_CartOperation Testcase is failed 
2020-03-17 18:24:26,514 INFO  [DriverBase] Driver quit successfully 
2020-03-17 18:25:15,222 INFO  [DriverBase] class TestScript.Amazon_TestCases 
2020-03-17 18:25:29,664 INFO  [DriverBase] Androiddriver created successfully 
2020-03-17 18:25:29,664 INFO  [DriverBase] Application launched successfully 
2020-03-17 18:25:29,900 INFO  [LoginPage] class TestPageScenario.LoginPage_login 
2020-03-17 18:25:29,900 INFO  [LoginPage] Loginpage elements initialized 
2020-03-17 18:25:29,914 INFO  [LoginPage] class TestPageScenario.LoginPage_login 
2020-03-17 18:25:29,924 INFO  [LoginPage] Retreiving Username and Password from property file 
2020-03-17 18:25:32,269 INFO  [LoginPage] Clicked already customer signin successfully 
2020-03-17 18:25:34,063 INFO  [LoginPage] Clicked already mobile or email field successfully 
2020-03-17 18:25:42,363 INFO  [LoginPage] Typed email id successfully 
2020-03-17 18:25:45,563 INFO  [LoginPage] Clicked continue successfully 
2020-03-17 18:25:51,864 INFO  [LoginPage] Typed Password successfully 
2020-03-17 18:25:52,916 INFO  [LoginPage] Clicked login successfully 
2020-03-17 18:25:55,611 INFO  [LoginPage] Invalid login credentials provided 
2020-03-17 18:25:57,946 INFO  [DriverBase] tc001_Login_negativeTC Testcase is passed 
2020-03-17 18:25:59,922 INFO  [DriverBase] Driver quit successfully 
2020-03-17 18:25:59,933 INFO  [DriverBase] class TestScript.Amazon_TestCases 
2020-03-17 18:26:12,371 INFO  [DriverBase] Androiddriver created successfully 
2020-03-17 18:26:12,372 INFO  [DriverBase] Application launched successfully 
2020-03-17 18:26:12,420 INFO  [LoginPage] class TestPageScenario.LoginPage_login 
2020-03-17 18:26:12,420 INFO  [LoginPage] Loginpage elements initialized 
2020-03-17 18:26:12,420 INFO  [LoginPage] class TestPageScenario.LoginPage_login 
2020-03-17 18:26:12,421 INFO  [LoginPage] Retreiving Username and Password from property file 
2020-03-17 18:26:15,359 INFO  [LoginPage] Clicked already customer signin successfully 
2020-03-17 18:26:19,021 INFO  [LoginPage] Clicked already mobile or email field successfully 
2020-03-17 18:26:26,811 INFO  [LoginPage] Typed email id successfully 
2020-03-17 18:26:28,008 INFO  [LoginPage] Clicked continue successfully 
2020-03-17 18:26:35,829 INFO  [LoginPage] Typed Password successfully 
2020-03-17 18:26:37,069 INFO  [LoginPage] Clicked login successfully 
2020-03-17 18:26:37,076 INFO  [LoginPage] Login successfull 
2020-03-17 18:26:39,155 INFO  [DriverBase] tc002_Login Testcase is passed 
2020-03-17 18:26:41,226 INFO  [DriverBase] Driver quit successfully 
2020-03-17 18:26:41,236 INFO  [DriverBase] class TestScript.Amazon_TestCases 
2020-03-17 18:26:54,463 INFO  [DriverBase] Androiddriver created successfully 
2020-03-17 18:26:54,463 INFO  [DriverBase] Application launched successfully 
2020-03-17 18:26:54,531 INFO  [LoginPage] class TestPageScenario.LoginPage_login 
2020-03-17 18:26:54,531 INFO  [LoginPage] Loginpage elements initialized 
2020-03-17 18:26:54,531 INFO  [LoginPage] class TestPageScenario.LoginPage_login 
2020-03-17 18:26:54,531 INFO  [LoginPage] Retreiving Username and Password from property file 
2020-03-17 18:26:57,208 INFO  [LoginPage] Clicked already customer signin successfully 
2020-03-17 18:26:59,424 INFO  [LoginPage] Clicked already mobile or email field successfully 
2020-03-17 18:27:07,174 INFO  [LoginPage] Typed email id successfully 
2020-03-17 18:27:08,358 INFO  [LoginPage] Clicked continue successfully 
2020-03-17 18:27:16,276 INFO  [LoginPage] Typed Password successfully 
2020-03-17 18:27:17,466 INFO  [LoginPage] Clicked login successfully 
2020-03-17 18:27:17,478 INFO  [LoginPage] Login successfull 
2020-03-17 18:27:17,534 INFO  [HomePage] class TestPageScenario.HomePage_cartOperation 
2020-03-17 18:27:17,536 INFO  [HomePage] Login successfull 
2020-03-17 18:27:18,164 INFO  [HomePage] Landscape rotation successfull 
2020-03-17 18:27:18,316 INFO  [HomePage] Portrait rotation successfull 
2020-03-17 18:27:18,316 INFO  [HomePage] Reading search content from external property file 
2020-03-17 18:27:27,317 INFO  [HomePage] Clicked searchbox successfuly 
2020-03-17 18:27:33,909 INFO  [HomePage] Typed search content successfuly 
2020-03-17 18:27:34,624 INFO  [HomePage] Clicked enter successfuly 
2020-03-17 18:27:34,625 INFO  [HomePage] Reading product name from external property file 
2020-03-17 18:27:44,007 INFO  [HomePage] Scrolled till product name successfuly 
2020-03-17 18:27:47,459 INFO  [HomePage] Clicked product name successfuly 
2020-03-17 18:28:15,959 INFO  [HomePage] retrieving product price 
2020-03-17 18:28:19,660 INFO  [HomePage] Scrolled till Add to Cart successfuly 
2020-03-17 18:28:25,964 INFO  [HomePage] Clicked Add to Cart successfuly 
2020-03-17 18:28:30,176 INFO  [HomePage] Clicked view cart successfuly 
2020-03-17 18:28:30,459 INFO  [HomePage] Retreiving cart item product price 
2020-03-17 18:28:30,459 INFO  [HomePage] Performing substring operation with both product and cart item price 
2020-03-17 18:28:30,460 INFO  [HomePage] Comparing both prices with assertion 
2020-03-17 18:28:32,858 INFO  [HomePage] Clicked Proceed to Buy successfuly 
2020-03-17 18:28:34,336 INFO  [DriverBase] tc003_CartOperation Testcase is passed 
2020-03-17 18:28:36,517 INFO  [DriverBase] Driver quit successfully 
